<?xml version="1.0" encoding="UTF-8"?>
<!-- Generated by org.testng.reporters.JUnitXMLReporter -->
<testsuite ignored="0" hostname="DESKTOP-TQ5Q620" failures="3" tests="3" name="Firefox" time="27.616" errors="0" timestamp="2021-11-13T12:49:45 EST">
  <testcase classname="comprotrainingtechorg.PracticeOfProtrainingtech.MultipleBrowsersClas" name="f" time="0.28">
    <failure type="java.lang.AssertionError" message="The following asserts failed:
	expected [Connect with friends and the world around you on Facebook.] but found [Connect with friends and the world around you on Facebook .]">
      <![CDATA[java.lang.AssertionError: The following asserts failed:
expected [Connect with friends and the world around you on Facebook.] but found [Connect with friends and the world around you on Facebook .]
at comprotrainingtechorg.PracticeOfProtrainingtech.MultipleBrowsersClas.f(MultipleBrowsersClas.java:35)
at java.base/java.util.ArrayList.forEach(ArrayList.java:1511)
at java.base/java.util.concurrent.FutureTask.run(FutureTask.java:264)
at java.base/java.util.concurrent.ThreadPoolExecutor.runWorker(ThreadPoolExecutor.java:1130)
at java.base/java.util.concurrent.ThreadPoolExecutor$Worker.run(ThreadPoolExecutor.java:630)
at java.base/java.lang.Thread.run(Thread.java:832)
... Removed 20 stack frames]]>
    </failure>
  </testcase> <!-- f -->
  <testcase classname="comprotrainingtechorg.PracticeOfProtrainingtech.HomeToVerify" name="f" time="0.068">
    <failure type="java.lang.AssertionError" message="The following asserts failed:
	expected [Connect with friends and the world around you on Facebook.] but found [Connect with friends and the world around you on Facebook direct.]">
      <![CDATA[java.lang.AssertionError: The following asserts failed:
expected [Connect with friends and the world around you on Facebook.] but found [Connect with friends and the world around you on Facebook direct.]
at comprotrainingtechorg.PracticeOfProtrainingtech.HomeToVerify.f(HomeToVerify.java:26)
at java.base/java.util.ArrayList.forEach(ArrayList.java:1511)
at java.base/java.util.concurrent.FutureTask.run(FutureTask.java:264)
at java.base/java.util.concurrent.ThreadPoolExecutor.runWorker(ThreadPoolExecutor.java:1130)
at java.base/java.util.concurrent.ThreadPoolExecutor$Worker.run(ThreadPoolExecutor.java:630)
at java.base/java.lang.Thread.run(Thread.java:832)
... Removed 20 stack frames]]>
    </failure>
  </testcase> <!-- f -->
  <testcase classname="comprotrainingtechorg.PracticeOfProtrainingtech.HomeToVerify" name="f" time="0.071">
    <failure type="java.lang.ClassCastException" message="class comprotrainingtechorg.PracticeOfProtrainingtech.HomeToVerify cannot be cast to class Common.Utilities (comprotrainingtechorg.PracticeOfProtrainingtech.HomeToVerify and Common.Utilities are in unnamed module of loader &amp;apos;app&amp;apos;)">
      <![CDATA[java.lang.ClassCastException: class comprotrainingtechorg.PracticeOfProtrainingtech.HomeToVerify cannot be cast to class Common.Utilities (comprotrainingtechorg.PracticeOfProtrainingtech.HomeToVerify and Common.Utilities are in unnamed module of loader 'app')
at ProTrainingTech.Ilistners.onTestFailure(Ilistners.java:47)
at java.base/java.util.ArrayList.forEach(ArrayList.java:1511)
at java.base/java.util.concurrent.FutureTask.run(FutureTask.java:264)
at java.base/java.util.concurrent.ThreadPoolExecutor.runWorker(ThreadPoolExecutor.java:1130)
at java.base/java.util.concurrent.ThreadPoolExecutor$Worker.run(ThreadPoolExecutor.java:630)
at java.base/java.lang.Thread.run(Thread.java:832)
... Removed 15 stack frames]]>
    </failure>
  </testcase> <!-- f -->
</testsuite> <!-- Firefox -->
